# JRE version: Java(TM) SE Runtime Environment (8.0_201-b09) (build 1.8.0_201-b09)
# Java VM: Java HotSpot(TM) 64-Bit Server VM (25.201-b09 mixed mode linux-amd64 compressed oops)
Heap:
 PSYoungGen      total 173056K, used 9197K [0x00000000e6300000, 0x00000000f1500000, 0x0000000100000000)
  eden space 163840K, 0% used [0x00000000e6300000,0x00000000e6300000,0x00000000f0300000)
  from space 9216K, 99% used [0x00000000f0300000,0x00000000f0bfb778,0x00000000f0c00000)
  to   space 9216K, 0% used [0x00000000f0c00000,0x00000000f0c00000,0x00000000f1500000)
 ParOldGen       total 47616K, used 21693K [0x00000000b2800000, 0x00000000b5680000, 0x00000000e6300000)
  object space 47616K, 45% used [0x00000000b2800000,0x00000000b3d2f6d8,0x00000000b5680000)
 Metaspace       used 23360K, capacity 24014K, committed 24192K, reserved 1071104K
  class space    used 2771K, capacity 2941K, committed 2944K, reserved 1048576K
GC Heap History (10 events):
Event: 2,226 GC heap after
Heap after GC invocations=3 (full 0):
 PSYoungGen      total 44032K, used 3040K [0x00000000e6300000, 0x00000000eb900000, 0x0000000100000000)
  eden space 40960K, 0% used [0x00000000e6300000,0x00000000e6300000,0x00000000e8b00000)
  from space 3072K, 98% used [0x00000000e8b00000,0x00000000e8df8020,0x00000000e8e00000)
  to   space 3072K, 0% used [0x00000000eb600000,0x00000000eb600000,0x00000000eb900000)
 ParOldGen       total 53248K, used 5942K [0x00000000b2800000, 0x00000000b5c00000, 0x00000000e6300000)
  object space 53248K, 11% used [0x00000000b2800000,0x00000000b2dcdab8,0x00000000b5c00000)
 Metaspace       used 13300K, capacity 13498K, committed 13824K, reserved 1060864K
  class space    used 1675K, capacity 1767K, committed 1792K, reserved 1048576K
}
Event: 3,272 GC heap before
{Heap before GC invocations=4 (full 0):
 PSYoungGen      total 44032K, used 44000K [0x00000000e6300000, 0x00000000eb900000, 0x0000000100000000)
  eden space 40960K, 100% used [0x00000000e6300000,0x00000000e8b00000,0x00000000e8b00000)
  from space 3072K, 98% used [0x00000000e8b00000,0x00000000e8df8020,0x00000000e8e00000)
  to   space 3072K, 0% used [0x00000000eb600000,0x00000000eb600000,0x00000000eb900000)
 ParOldGen       total 53248K, used 5942K [0x00000000b2800000, 0x00000000b5c00000, 0x00000000e6300000)
  object space 53248K, 11% used [0x00000000b2800000,0x00000000b2dcdab8,0x00000000b5c00000)
 Metaspace       used 16238K, capacity 16464K, committed 16640K, reserved 1064960K
  class space    used 1962K, capacity 2038K, committed 2048K, reserved 1048576K
Event: 3,298 GC heap after
Heap after GC invocations=4 (full 0):
 PSYoungGen      total 84992K, used 3040K [0x00000000e6300000, 0x00000000eb900000, 0x0000000100000000)
  eden space 81920K, 0% used [0x00000000e6300000,0x00000000e6300000,0x00000000eb300000)
  from space 3072K, 98% used [0x00000000eb600000,0x00000000eb8f8020,0x00000000eb900000)
  to   space 3072K, 0% used [0x00000000eb300000,0x00000000eb300000,0x00000000eb600000)
 ParOldGen       total 53248K, used 9515K [0x00000000b2800000, 0x00000000b5c00000, 0x00000000e6300000)
  object space 53248K, 17% used [0x00000000b2800000,0x00000000b314ad10,0x00000000b5c00000)
 Metaspace       used 16238K, capacity 16464K, committed 16640K, reserved 1064960K
  class space    used 1962K, capacity 2038K, committed 2048K, reserved 1048576K
}
Event: 5,305 GC heap before
{Heap before GC invocations=5 (full 0):
 PSYoungGen      total 84992K, used 84960K [0x00000000e6300000, 0x00000000eb900000, 0x0000000100000000)
  eden space 81920K, 100% used [0x00000000e6300000,0x00000000eb300000,0x00000000eb300000)
  from space 3072K, 98% used [0x00000000eb600000,0x00000000eb8f8020,0x00000000eb900000)
  to   space 3072K, 0% used [0x00000000eb300000,0x00000000eb300000,0x00000000eb600000)
 ParOldGen       total 53248K, used 9515K [0x00000000b2800000, 0x00000000b5c00000, 0x00000000e6300000)
  object space 53248K, 17% used [0x00000000b2800000,0x00000000b314ad10,0x00000000b5c00000)
 Metaspace       used 17585K, capacity 17938K, committed 18048K, reserved 1064960K
  class space    used 2071K, capacity 2157K, committed 2176K, reserved 1048576K
Event: 5,319 GC heap after
Heap after GC invocations=5 (full 0):
 PSYoungGen      total 84992K, used 3072K [0x00000000e6300000, 0x00000000f1500000, 0x0000000100000000)
  eden space 81920K, 0% used [0x00000000e6300000,0x00000000e6300000,0x00000000eb300000)
  from space 3072K, 100% used [0x00000000eb300000,0x00000000eb600000,0x00000000eb600000)
  to   space 9216K, 0% used [0x00000000f0c00000,0x00000000f0c00000,0x00000000f1500000)
 ParOldGen       total 53248K, used 14235K [0x00000000b2800000, 0x00000000b5c00000, 0x00000000e6300000)
  object space 53248K, 26% used [0x00000000b2800000,0x00000000b35e6e30,0x00000000b5c00000)
 Metaspace       used 17585K, capacity 17938K, committed 18048K, reserved 1064960K
  class space    used 2071K, capacity 2157K, committed 2176K, reserved 1048576K
}
Event: 5,927 GC heap before
{Heap before GC invocations=6 (full 0):
 PSYoungGen      total 84992K, used 17885K [0x00000000e6300000, 0x00000000f1500000, 0x0000000100000000)
  eden space 81920K, 18% used [0x00000000e6300000,0x00000000e7177598,0x00000000eb300000)
  from space 3072K, 100% used [0x00000000eb300000,0x00000000eb600000,0x00000000eb600000)
  to   space 9216K, 0% used [0x00000000f0c00000,0x00000000f0c00000,0x00000000f1500000)
 ParOldGen       total 53248K, used 14235K [0x00000000b2800000, 0x00000000b5c00000, 0x00000000e6300000)
  object space 53248K, 26% used [0x00000000b2800000,0x00000000b35e6e30,0x00000000b5c00000)
 Metaspace       used 20653K, capacity 21180K, committed 21296K, reserved 1069056K
  class space    used 2503K, capacity 2683K, committed 2688K, reserved 1048576K
Event: 5,945 GC heap after
Heap after GC invocations=6 (full 0):
 PSYoungGen      total 173056K, used 4390K [0x00000000e6300000, 0x00000000f1500000, 0x0000000100000000)
  eden space 163840K, 0% used [0x00000000e6300000,0x00000000e6300000,0x00000000f0300000)
  from space 9216K, 47% used [0x00000000f0c00000,0x00000000f1049b00,0x00000000f1500000)
  to   space 9216K, 0% used [0x00000000f0300000,0x00000000f0300000,0x00000000f0c00000)
 ParOldGen       total 53248K, used 14243K [0x00000000b2800000, 0x00000000b5c00000, 0x00000000e6300000)
  object space 53248K, 26% used [0x00000000b2800000,0x00000000b35e8e30,0x00000000b5c00000)
 Metaspace       used 20653K, capacity 21180K, committed 21296K, reserved 1069056K
  class space    used 2503K, capacity 2683K, committed 2688K, reserved 1048576K
}
Event: 5,945 GC heap before
{Heap before GC invocations=7 (full 1):
 PSYoungGen      total 173056K, used 4390K [0x00000000e6300000, 0x00000000f1500000, 0x0000000100000000)
  eden space 163840K, 0% used [0x00000000e6300000,0x00000000e6300000,0x00000000f0300000)
  from space 9216K, 47% used [0x00000000f0c00000,0x00000000f1049b00,0x00000000f1500000)
  to   space 9216K, 0% used [0x00000000f0300000,0x00000000f0300000,0x00000000f0c00000)
 ParOldGen       total 53248K, used 14243K [0x00000000b2800000, 0x00000000b5c00000, 0x00000000e6300000)
  object space 53248K, 26% used [0x00000000b2800000,0x00000000b35e8e30,0x00000000b5c00000)
 Metaspace       used 20653K, capacity 21180K, committed 21296K, reserved 1069056K
  class space    used 2503K, capacity 2683K, committed 2688K, reserved 1048576K
Event: 6,028 GC heap after
Heap after GC invocations=7 (full 1):
 PSYoungGen      total 173056K, used 0K [0x00000000e6300000, 0x00000000f1500000, 0x0000000100000000)
  eden space 163840K, 0% used [0x00000000e6300000,0x00000000e6300000,0x00000000f0300000)
  from space 9216K, 0% used [0x00000000f0c00000,0x00000000f0c00000,0x00000000f1500000)
  to   space 9216K, 0% used [0x00000000f0300000,0x00000000f0300000,0x00000000f0c00000)
 ParOldGen       total 47616K, used 11456K [0x00000000b2800000, 0x00000000b5680000, 0x00000000e6300000)
  object space 47616K, 24% used [0x00000000b2800000,0x00000000b33301b0,0x00000000b5680000)
 Metaspace       used 20653K, capacity 21180K, committed 21296K, reserved 1069056K
  class space    used 2503K, capacity 2683K, committed 2688K, reserved 1048576K
}
Event: 7,316 GC heap before
{Heap before GC invocations=8 (full 1):
 PSYoungGen      total 173056K, used 127814K [0x00000000e6300000, 0x00000000f1500000, 0x0000000100000000)
  eden space 163840K, 78% used [0x00000000e6300000,0x00000000edfd1b50,0x00000000f0300000)
  from space 9216K, 0% used [0x00000000f0c00000,0x00000000f0c00000,0x00000000f1500000)
  to   space 9216K, 0% used [0x00000000f0300000,0x00000000f0300000,0x00000000f0c00000)
 ParOldGen       total 47616K, used 11456K [0x00000000b2800000, 0x00000000b5680000, 0x00000000e6300000)
  object space 47616K, 24% used [0x00000000b2800000,0x00000000b33301b0,0x00000000b5680000)
 Metaspace       used 23360K, capacity 24014K, committed 24192K, reserved 1071104K
  class space    used 2771K, capacity 2941K, committed 2944K, reserved 1048576K

