# JRE version: Java(TM) SE Runtime Environment (8.0_201-b09) (build 1.8.0_201-b09)
# Java VM: Java HotSpot(TM) 64-Bit Server VM (25.201-b09 mixed mode linux-amd64 compressed oops)
Heap:
 PSYoungGen      total 46592K, used 5616K [0x00000000e6300000, 0x00000000e9600000, 0x0000000100000000)
  eden space 40960K, 0% used [0x00000000e6300000,0x00000000e6300000,0x00000000e8b00000)
  from space 5632K, 99% used [0x00000000e8b00000,0x00000000e907c010,0x00000000e9080000)
  to   space 5632K, 0% used [0x00000000e9080000,0x00000000e9080000,0x00000000e9600000)
 ParOldGen       total 53248K, used 8946K [0x00000000b2800000, 0x00000000b5c00000, 0x00000000e6300000)
  object space 53248K, 16% used [0x00000000b2800000,0x00000000b30bc9a8,0x00000000b5c00000)
 Metaspace       used 16645K, capacity 16904K, committed 17280K, reserved 1064960K
  class space    used 1980K, capacity 2074K, committed 2176K, reserved 1048576K
GC Heap History (10 events):
Event: 1,596 GC heap after
Heap after GC invocations=2 (full 0):
 PSYoungGen      total 23552K, used 3047K [0x00000000e6300000, 0x00000000e7d00000, 0x0000000100000000)
  eden space 20480K, 0% used [0x00000000e6300000,0x00000000e6300000,0x00000000e7700000)
  from space 3072K, 99% used [0x00000000e7a00000,0x00000000e7cf9df8,0x00000000e7d00000)
  to   space 3072K, 0% used [0x00000000e7700000,0x00000000e7700000,0x00000000e7a00000)
 ParOldGen       total 53248K, used 2206K [0x00000000b2800000, 0x00000000b5c00000, 0x00000000e6300000)
  object space 53248K, 4% used [0x00000000b2800000,0x00000000b2a278c8,0x00000000b5c00000)
 Metaspace       used 9151K, capacity 9300K, committed 9472K, reserved 1056768K
  class space    used 1126K, capacity 1181K, committed 1280K, reserved 1048576K
}
Event: 2,225 GC heap before
{Heap before GC invocations=3 (full 0):
 PSYoungGen      total 23552K, used 23527K [0x00000000e6300000, 0x00000000e7d00000, 0x0000000100000000)
  eden space 20480K, 100% used [0x00000000e6300000,0x00000000e7700000,0x00000000e7700000)
  from space 3072K, 99% used [0x00000000e7a00000,0x00000000e7cf9df8,0x00000000e7d00000)
  to   space 3072K, 0% used [0x00000000e7700000,0x00000000e7700000,0x00000000e7a00000)
 ParOldGen       total 53248K, used 2206K [0x00000000b2800000, 0x00000000b5c00000, 0x00000000e6300000)
  object space 53248K, 4% used [0x00000000b2800000,0x00000000b2a278c8,0x00000000b5c00000)
 Metaspace       used 11759K, capacity 11944K, committed 12160K, reserved 1060864K
  class space    used 1481K, capacity 1572K, committed 1664K, reserved 1048576K
Event: 2,231 GC heap after
Heap after GC invocations=3 (full 0):
 PSYoungGen      total 23552K, used 3040K [0x00000000e6300000, 0x00000000e7d00000, 0x0000000100000000)
  eden space 20480K, 0% used [0x00000000e6300000,0x00000000e6300000,0x00000000e7700000)
  from space 3072K, 98% used [0x00000000e7700000,0x00000000e79f8020,0x00000000e7a00000)
  to   space 3072K, 0% used [0x00000000e7a00000,0x00000000e7a00000,0x00000000e7d00000)
 ParOldGen       total 53248K, used 4562K [0x00000000b2800000, 0x00000000b5c00000, 0x00000000e6300000)
  object space 53248K, 8% used [0x00000000b2800000,0x00000000b2c748a0,0x00000000b5c00000)
 Metaspace       used 11759K, capacity 11944K, committed 12160K, reserved 1060864K
  class space    used 1481K, capacity 1572K, committed 1664K, reserved 1048576K
}
Event: 2,732 GC heap before
{Heap before GC invocations=4 (full 0):
 PSYoungGen      total 23552K, used 23520K [0x00000000e6300000, 0x00000000e7d00000, 0x0000000100000000)
  eden space 20480K, 100% used [0x00000000e6300000,0x00000000e7700000,0x00000000e7700000)
  from space 3072K, 98% used [0x00000000e7700000,0x00000000e79f8020,0x00000000e7a00000)
  to   space 3072K, 0% used [0x00000000e7a00000,0x00000000e7a00000,0x00000000e7d00000)
 ParOldGen       total 53248K, used 4562K [0x00000000b2800000, 0x00000000b5c00000, 0x00000000e6300000)
  object space 53248K, 8% used [0x00000000b2800000,0x00000000b2c748a0,0x00000000b5c00000)
 Metaspace       used 13415K, capacity 13594K, committed 13952K, reserved 1060864K
  class space    used 1684K, capacity 1799K, committed 1920K, reserved 1048576K
Event: 2,739 GC heap after
Heap after GC invocations=4 (full 0):
 PSYoungGen      total 23552K, used 3056K [0x00000000e6300000, 0x00000000e7d00000, 0x0000000100000000)
  eden space 20480K, 0% used [0x00000000e6300000,0x00000000e6300000,0x00000000e7700000)
  from space 3072K, 99% used [0x00000000e7a00000,0x00000000e7cfc030,0x00000000e7d00000)
  to   space 3072K, 0% used [0x00000000e7700000,0x00000000e7700000,0x00000000e7a00000)
 ParOldGen       total 53248K, used 6027K [0x00000000b2800000, 0x00000000b5c00000, 0x00000000e6300000)
  object space 53248K, 11% used [0x00000000b2800000,0x00000000b2de2fc8,0x00000000b5c00000)
 Metaspace       used 13415K, capacity 13594K, committed 13952K, reserved 1060864K
  class space    used 1684K, capacity 1799K, committed 1920K, reserved 1048576K
}
Event: 3,419 GC heap before
{Heap before GC invocations=5 (full 0):
 PSYoungGen      total 23552K, used 23536K [0x00000000e6300000, 0x00000000e7d00000, 0x0000000100000000)
  eden space 20480K, 100% used [0x00000000e6300000,0x00000000e7700000,0x00000000e7700000)
  from space 3072K, 99% used [0x00000000e7a00000,0x00000000e7cfc030,0x00000000e7d00000)
  to   space 3072K, 0% used [0x00000000e7700000,0x00000000e7700000,0x00000000e7a00000)
 ParOldGen       total 53248K, used 6027K [0x00000000b2800000, 0x00000000b5c00000, 0x00000000e6300000)
  object space 53248K, 11% used [0x00000000b2800000,0x00000000b2de2fc8,0x00000000b5c00000)
 Metaspace       used 15417K, capacity 15606K, committed 15872K, reserved 1062912K
  class space    used 1885K, capacity 1968K, committed 2048K, reserved 1048576K
Event: 3,479 GC heap after
Heap after GC invocations=5 (full 0):
 PSYoungGen      total 23552K, used 3056K [0x00000000e6300000, 0x00000000e9600000, 0x0000000100000000)
  eden space 20480K, 0% used [0x00000000e6300000,0x00000000e6300000,0x00000000e7700000)
  from space 3072K, 99% used [0x00000000e7700000,0x00000000e79fc030,0x00000000e7a00000)
  to   space 5632K, 0% used [0x00000000e9080000,0x00000000e9080000,0x00000000e9600000)
 ParOldGen       total 53248K, used 7558K [0x00000000b2800000, 0x00000000b5c00000, 0x00000000e6300000)
  object space 53248K, 14% used [0x00000000b2800000,0x00000000b2f61800,0x00000000b5c00000)
 Metaspace       used 15417K, capacity 15606K, committed 15872K, reserved 1062912K
  class space    used 1885K, capacity 1968K, committed 2048K, reserved 1048576K
}
Event: 4,374 GC heap before
{Heap before GC invocations=6 (full 0):
 PSYoungGen      total 23552K, used 23536K [0x00000000e6300000, 0x00000000e9600000, 0x0000000100000000)
  eden space 20480K, 100% used [0x00000000e6300000,0x00000000e7700000,0x00000000e7700000)
  from space 3072K, 99% used [0x00000000e7700000,0x00000000e79fc030,0x00000000e7a00000)
  to   space 5632K, 0% used [0x00000000e9080000,0x00000000e9080000,0x00000000e9600000)
 ParOldGen       total 53248K, used 7558K [0x00000000b2800000, 0x00000000b5c00000, 0x00000000e6300000)
  object space 53248K, 14% used [0x00000000b2800000,0x00000000b2f61800,0x00000000b5c00000)
 Metaspace       used 16282K, capacity 16560K, committed 17024K, reserved 1064960K
  class space    used 1964K, capacity 2070K, committed 2176K, reserved 1048576K
Event: 4,392 GC heap after
Heap after GC invocations=6 (full 0):
 PSYoungGen      total 46592K, used 5278K [0x00000000e6300000, 0x00000000e9600000, 0x0000000100000000)
  eden space 40960K, 0% used [0x00000000e6300000,0x00000000e6300000,0x00000000e8b00000)
  from space 5632K, 93% used [0x00000000e9080000,0x00000000e95a7b80,0x00000000e9600000)
  to   space 5632K, 0% used [0x00000000e8b00000,0x00000000e8b00000,0x00000000e9080000)
 ParOldGen       total 53248K, used 7566K [0x00000000b2800000, 0x00000000b5c00000, 0x00000000e6300000)
  object space 53248K, 14% used [0x00000000b2800000,0x00000000b2f63800,0x00000000b5c00000)
 Metaspace       used 16282K, capacity 16560K, committed 17024K, reserved 1064960K
  class space    used 1964K, capacity 2070K, committed 2176K, reserved 1048576K
}
Event: 6,458 GC heap before
{Heap before GC invocations=7 (full 0):
 PSYoungGen      total 46592K, used 46238K [0x00000000e6300000, 0x00000000e9600000, 0x0000000100000000)
  eden space 40960K, 100% used [0x00000000e6300000,0x00000000e8b00000,0x00000000e8b00000)
  from space 5632K, 93% used [0x00000000e9080000,0x00000000e95a7b80,0x00000000e9600000)
  to   space 5632K, 0% used [0x00000000e8b00000,0x00000000e8b00000,0x00000000e9080000)
 ParOldGen       total 53248K, used 7566K [0x00000000b2800000, 0x00000000b5c00000, 0x00000000e6300000)
  object space 53248K, 14% used [0x00000000b2800000,0x00000000b2f63800,0x00000000b5c00000)
 Metaspace       used 16645K, capacity 16904K, committed 17280K, reserved 1064960K
  class space    used 1980K, capacity 2074K, committed 2176K, reserved 1048576K

